<html xmlns:string="xalan://java.lang.String" xmlns:lxslt="http://xml.apache.org/xslt">
<head>
<META http-equiv="Content-Type" content="text/html; charset=UTF-8">
<title>Unit Test Results: All Errors</title>
<link rel="stylesheet" type="text/css" title="Style" href="stylesheet.css">
</head>
<body onload="open('allclasses-frame.html','classListFrame')">
<h1>Unit Test Results.</h1>
<table width="100%">
<tr>
<td align="left"></td><td align="right">Designed for use with <a href="http://www.junit.org/">JUnit</a> and <a href="http://ant.apache.org/">Ant</a>.</td>
</tr>
</table>
<hr size="1">
<h2>All Errors</h2>
<table class="details" border="0" cellpadding="5" cellspacing="2" width="95%">
<tr valign="top">
<th>Class</th><th>Name</th><th>Status</th><th width="80%">Type</th><th nowrap>Time(s)</th>
</tr>
<tr valign="top" class="Error">
<td><a href="com/civihr/test/automation/0_AddNewDocTest.html">AddNewDocTest</a></td><td><a name="step1_login"></a><a href="com/civihr/test/automation/0_AddNewDocTest.html#step1_login">step1_login</a></td><td>Error</td><td>N/A<br>
<br>
<code>java.lang.NullPointerException<br>	at com.civihr.test.automation.Commons.goToUrl(Unknown Source)<br>	at com.civihr.test.automation.AddNewDocTest.step1_login(Unknown Source)<br>
</code></td><td>0.006</td>
</tr>
<tr valign="top" class="Error">
<td><a href="com/civihr/test/automation/0_AddNewDocTest.html">AddNewDocTest</a></td><td><a name="step2_clickOnDocLink"></a><a href="com/civihr/test/automation/0_AddNewDocTest.html#step2_clickOnDocLink">step2_clickOnDocLink</a></td><td>Error</td><td>Expected condition failed: waiting for element to be clickable: By.xpath: .//a[@href='#/documents'] (tried for 30 second(s) with 500 MILLISECONDS interval)
Build info: version: 'unknown', revision: '2aa21c1', time: '2016-08-02 14:59:43 -0700'
System info: host: 'DESKTOP-H3K5A4R', ip: '192.168.2.123', os.name: 'Windows 10', os.arch: 'amd64', os.version: '10.0', java.version: '1.8.0_92'
Driver info: org.openqa.selenium.firefox.FirefoxDriver
Capabilities [{rotatable=false, raisesAccessibilityExceptions=false, marionette=true, appBuildId=20160726073904, version=, platform=XP, proxy={}, command_id=1, specificationLevel=0, acceptSslCerts=false, browserVersion=48.0, platformVersion=10.0, XULappId={ec8030f7-c20a-464f-9b0e-13a3a9e97384}, browserName=Firefox, takesScreenshot=true, takesElementScreenshot=true, platformName=Windows_NT, device=desktop}]
Session ID: 93819056-9a6b-44ac-8bb8-0efe7daa24c5<br>
<br>
<code>org.openqa.selenium.TimeoutException: Expected condition failed: waiting for element to be clickable: By.xpath: .//a[@href='#/documents'] (tried for 30 second(s) with 500 MILLISECONDS interval)<br>Build info: version: 'unknown', revision: '2aaa21c1', time: '2016-08-02 14:59:43 -0700'<br>System info: host: 'DESKTOP-H3K5A4R', ip: '192.168.2.123', os.name: 'Windows 10', os.arch: 'amd64', os.version: '10.0', java.version: '1.8.0_92'<br>Driver info: org.openqa.selenium.firefox.FirefoxDriver<br>Capabilities [{rotatable=false, raisesAccessibilityExceptions=false, mmarionette=true, appBuildId=20160726073904, version=, platform=XP, proxy={}, command_id=1, specificationLevel=0, acceptSslCerts=false, browserVersion=48.0, platformVersion=10.0, XULappId={ec8030f7-c20a-464f-9b0e-13a3a9e97384}, browserName=Firefox, takesScreenshot=true, takesElementScreenshot=true, platformName=Windows_NT, device=desktop}]<br>Session ID: 93819056-9a6b-44ac-8bb8-0efe7daa24c5<br>	at org.openqa.selenium.support.ui.WebDriverWait.timeoutException(WebDriverWait.java:80)<br>	at org.openqa.selenium.support.ui.FluentWait.until(FluentWait.java:2660)<br>	at com.civihr.test.automation.AddNewDocTest.step2_clickOnDocLink(Unknown Source)<br>Caused by: org.openqa.selenium.NoSuchElementException: Unable to locate element: .//a[@href='#/documents'] (WARNING:  The server did not provide any stacktrace information)<br>Command duration or timeout: 5 milliseconds<br>For documentation on this error, please visit: http://seleniumhq.org/exceptions/no_such_element.html<br>Build info: version: 'unknown', revision: '2aa21c1', time: '2016-08-02 14:59:43 -0700'<br>System info: host: 'DESKTOP-H3K5A4R', ip: '192.168.2.123', os..name: 'Windows 10', os.arch: 'amd64', os.version: '10.0', java.version: '1.8.0_92'<br>Driver info: org.openqa.selenium.firefox.FirefoxDriver<br>Cappabilities [{rotatable=false, raisesAccessibilityExceptions=false, marionette=true, appBuildId=20160726073904, version=, platform=XP, proxy={}, command_id=1, specificationLevel=0, acceptSslCerts=false, browserVersion=48.0, platformVersion=10.0, XULappId={ec8030f7-c20a-464f-9b0e-13a3a9e97384}, browserName=Firefox, takesScreenshot=true, takesElementScreenshot=true, platformName=Windows_NT, device=desktop}]<br>Session ID: 93819056-9a6b-44ac-8bb8-0efe7daa24c5<br>*** Element info: {Using=xpath, value=.//a[@href='#/documents']}<br>	at java.lang.reflect.Constructor.newInstance(Constructor.java:423)<br>	at org.openqa.selenium.remote.ErroorHandler.createThrowable(ErrorHandler.java:206)<br>	at org.openqa.selenium.remote.ErrorHandler.throwIfResponseFailed(ErrorHandler.java:158)<br>	at org.openqa.selenium.remote.RemoteWebDriver.execute(RemoteWebDriver.java:683)<br>	at org.openqa.selenium.remote.RemoteWebDriver.findElement(RemoteWebDriver.java:377)<br>	at org.openqa.selenium.remote.RemoteWebDriver.findElementByXPath(RemoteWebDDriver.java:506)<br>	at org.openqa.selenium.By$ByXPath.findElement(By.java:361)<br>	at org.openqa.selennium.remote.RemoteWebDriver.findElement(RemoteWebDriver.java:369)<br>	at org.openqa.selenium.support.ui.ExpectedConditions.findElement(ExpectedConditions.java:895)<br>	at org.openqa.selenium.support.ui.ExpectedConditions.access$000(ExpectedConditions.java:41)<br>	at org.openqa.selenium.support.ui.ExpectedConditions$7.apply(ExpectedConditions.java:205)<br>	at org.openqa.selenium.support.ui.ExpectedConditions$7.apply(ExpectedConditions.java:201)<br>	at org.openqa.selenium.support.ui.ExpectedConditions$22.apply(ExpectedConditions.java:651)<br>	at org.openqa.selenium.support.ui.ExpectedConditions$22.apply(ExpectedConditions.java:644)<br>	at org.openqa.selenium.support.ui.FluentWait.until(FluentWait.java:238)<br>
</code></td><td>30.429</td>
</tr>
<tr valign="top" class="Error">
<td><a href="com/civihr/test/automation/0_AddNewDocTest.html">AddNewDocTest</a></td><td><a name="step3_clickOnAddDocLink"></a><a href="com/civihr/test/automation/0_AddNewDocTest.html#step3_clickOnAddDocLink">step3_clickOnAddDocLink</a></td><td>Error</td><td>Expected condition failed: waiting for element to be clickable: By.xpath: //*[@id='ct-dashboard']/div[1]/div/div[2]/div/a[1] (tried for 30 second(s) with 500 MILLISECONDS interval)
Build info: version: 'unknown', revision: '2aa21c1', time: '2016-08-02 14:59:43 -0700'
System info: host: 'DESKTOP-H3K5A4R', ip: '192.168.2.123', os.name: 'Windows 10', os.arch: 'amd64', os.version: '10.0', java.version: '1.8.0_92'
Driver info: org.openqa.selenium.firefox.FirefoxDriver
Capabilities [{rotatable=false, raisesAccessibilityExceptions=false, marionette=true, appBuildId=20160726073904, version=, platform=XP, proxy={}, command_id=1, specificationLevel=0, acceptSslCerts=false, browserVersion=48.0, platformVersion=10.0, XULappId={ec8030f7-c20a-464f-9b0e-13a3a9e97384}, browserName=Firefox, takesScreenshot=true, takesElementScreenshot=true, platformName=Windows_NT, device=desktop}]
Session ID: 9618af5d-b0b1-4ff3-bf4f-e4f2b049af30<br>
<br>
<code>org.openqa.selenium.TimeoutException: Expected condition failed: waiting for element to be clickable: By.xpath: //*[@id='ct-dashboard']/div[1]/div/div[2]]/div/a[1] (tried for 30 second(s) with 500 MILLISECONDS interval)<br>Build info: version: 'unknown', reevision: '2aa21c1', time: '2016-08-02 14:59:43 -0700'<br>System info: host: 'DESKTOP-H3K5A4R', ip: '192.168.2.123', os.name: 'Windows 10', os.arch: 'amd64',  os.version: '10.0', java.version: '1.8.0_92'<br>Driver info: org.openqa.seleniuum.firefox.FirefoxDriver<br>Capabilities [{rotatable=false, raisesAccessibilityExceptions=false, marionette=true, appBuildId=20160726073904, version=, platform=XP, proxy={}, command_id=1, specificationLevel=0, acceptSslCerts=false, browserVersion=48.0, plattformVersion=10.0, XULappId={ec8030f7-c20a-464f-9b0e-13a3a9e97384}, browserName=Firefox, takesScreenshot=true, takesElementScreenshot=true, platformName=Windows_NT, device=desktop}]<br>Session ID: 9618af5d-b0b1-4ff3-bf4f-e4f2b049af30<br>	at org.openqa.selenium.support.ui.WebDriverWait.timeoutException(WebDriverWait.java:80)<br>	at org.openqa.selenium.support.ui.FluentWait.until(FluentWait.java:260)<br>	at com.civihr.test.automation.AddNewDocTest.step3_clickOnAdddDocLink(Unknown Source)<br>Caused by: org.openqa.selenium.NoSuchElementException: Unable to locate element: //*[@id='ct-dashboard']/div[1]/div/div[2]/div/a[1] (WARNING: The server did not provide any stacktrace informaation)<br>Command duration or timeout: 5 milliseconds<br>For documentation on this error, please visit: http://seleniumhq.org/excceptions/no_such_element.html<br>Build info: version: 'unknown', revision: '2aa21c1', time: '2016-08-02  14:59:43 -0700'<br>System info: host: 'DESKTOP-H3K5A4R', ip: '192.168.2.123', os.name: 'Windows 10', os.arch: 'amd64',  os.version: '10.0', java.version: '1.8.0_92'<br>Driver info: org.openqa.selenium.firefox.FirrefoxDriver<br>Capabilities [{rotatable=false, raisesAccessibilityExceptions=false, marionette=true, appBuildId=20160726073904, version=, platform=XP, proxy={}, command_id=1, specificationLevel=0, acceptSslCerts=false, browserVersion=48.0, platformVersion=10.0, XULappId={ec8030f7-c20a-464f-9b0e-13a3a9e97384}, browserName=Firefox, takesScreenshot=true, takesElementScreenshot=true, platformName=Windows_NT, device=desktop}]<br>Session ID: 9618af5d-b0b1-4ff3-bf4f-e4f2b049af30<br>*** Element info:  {Using=xpath, value=//*[@id='ct-dashboard']/div[1]/div/div[2]/div/a[1]}<br>	at java.lang.reflect.Constructor.newInstance(Constructor.java:423)<br>	at org.openqa.selenium.remote.ErrorHandler.createThrowable(ErrorHandler.java:206)<br>	at org.openqa.selenium.remote.ErrorHandler.throwIfResponseFailed(ErrorHandler.java:158)<br>	at org.openqa.selenium.remote.RemoteWebDriver.execute(RemoteWebDriver.java:683)<br>	at org.openqa.selenium.remote.RemoteWebDriver.findElement(RemoteWebDriver.java:377)<br>	at org.openqa.selenium.remote.RemoteWebDriver.findElementByXPath(RemoteWebDriver.java:506)<br>	at org.openqa.selenium.By$ByXPath.findElement(By.java:361)<br>	at org.openqaa.selenium.remote.RemoteWebDriver.findElement(RemoteWebDriver.java:369)<br>	at org.openqa.seleniium.support.ui.ExpectedConditions.findElement(ExpectedConditions.java:895)<br>	at org.openqa.selenium.support.ui.ExpectedConditions.access$000(ExpectedConditions.java:41))<br>	at orgg.openqa.selenium.support.ui.ExpectedConditions$7.apply(ExpectedConditions.java:205)<br>	at org.openqa.selenium.support.ui.ExpectedConditions$7.apply(ExpectedConditions.java:201)<br>	at org.openqa.selenium.support.ui.ExpectedConditions$22.apply(ExpectedConditions.jjava:651)<br>	at org.openqa.selenium.support.ui.ExpectedConditions$22.apply(ExpectedConditions.java:644)<br>	at org.openqa.selenium.support.ui.FluentWait.until(FluentWait.java:238)<br>
</code></td><td>30.111</td>
</tr>
<tr valign="top" class="Error">
<td><a href="com/civihr/test/automation/0_AddNewDocTest.html">AddNewDocTest</a></td><td><a name="step4_enterDetailsSave"></a><a href="com/civihr/test/automation/0_AddNewDocTest.html#step4_enterDetailsSave">step4_enterDetailsSave</a></td><td>Error</td><td>Expected condition failed: waiting for element to be clickable: By.xpath: .//*[@id='civitasks']/div/div[1]/div/div/form/div[1]/div/div[1]/div/div/span/span[1] (tried for 30 second(s) with 500 MILLISECONDS interval)
Build info: version: 'unknown', revision: '2aa21c1', time: '2016-08-02 14:59:43 -0700'
System info: host: 'DESKTOP-H3K5A4R', ip: '192.168.2.123', os.name: 'Windows 10', os.arch: 'amd64', os.version: '10.0', java.version: '1.8.0_92'
Driver info: org.openqa.selenium.firefox.FirefoxDriver
Capabilities [{rotatable=false, raisesAccessibilityExceptions=false, marionette=true, appBuildId=20160726073904, version=, platform=XP, proxy={}, command_id=1, specificationLevel=0, acceptSslCerts=false, browserVersion=48.0, platformVersion=10.0, XULappId={ec8030f7-c20a-464f-9b0e-13a3a9e97384}, browserName=Firefox, takesScreenshot=true, takesElementScreenshot=true, platformName=Windows_NT, device=desktop}]
Session ID: 7fb6b384-77f2-4dc8-bfa1-886942be4104<br>
<br>
<code>org.openqa.selenium.TimeoutException: Expected condition failed: waiting for element to be clickable: By.xpath: .//*[@id='civitasks']/div/div[1]/div/div/form/div[1]/div/ddiv[1]/div/div/span/span[1] (tried for 30 second(s) with 500 MILLISECONDS interval)<br>Build info: versiion: 'unknown', revision: '2aa21c1', time: '2016-08-02 14:59:43 -0700'<br>System info: host: 'DESKTOP-H3K5A4R', ip: '192.168.2.123', os.name: 'Windows 10', os.arch: 'amd64',  os.version: '10.0', java.version: '1.8.0_92'<br>Driver info: oorg.openqa.selenium.firefox.FirefoxDriver<br>Capabilities [{rotatable=false, raisesAccessibilityExceptions=false, marionette=true, appBuildId=20160726073904, version=, platform=XP, proxy={}, command_id=1, specificationLevel=0, acceptSslCerts=false, browserVersion=48.0, plattformVersion=10.0, XULappId={ec8030f7-c20a-464f-9b0e-13a3a9e97384}, browserName=Firefox, takesScreenshot=true, takesElementScreenshot=true, platformName=Windows_NT, device=desktop}]<br>Session ID: 7fb6b384-77f2-4dc8-bfa1-886942be4104<br>	at org.openqa.selenium.support.ui.WebDriverWait.timeoutException(WebDriverWait.java:80)<br>	at org.openqa.selenium.support.ui.FluentWait.until(FluentWait.java:260)<br>	at com.civihr.test.automation.AddNewDocTest.step4_enterDetailsSave(Unknown Source)<br>Caused by: org.openqa.selenium.NoSuchElementException: Unable to locate element: .//*[@id='civitasks']/div/div[1]/div/div/form/div[1]/div/div[1]/div/div/span/span[1] (WARNING: The server did not provide any sstacktrace information)<br>Command duration or timeout: 5 milliseconds<br>For documentation on this error, please visit: http://seleniumhq.org/exceptions/no_such_element.html<br>Build info: version: 'unknown', revision: '2aa21c1', time: '2016-08-02 14:59:43 -0700'<br>System info: host: 'DESKTOP-H3K5A4R', ip: '192.168.2.123', os.name: 'Windows 10', os.arch: 'amd64', os.version: '10.0', java.version: '1.8.0_92'<br>Driver info: org.openqa.selenium.firefox.FirefoxDriver<br>Capabilities [{rotatable=false, raisesAccessibilityExceptions=false, marionette=true, appBuildId=20160726073904, version=, platform=XP, proxy={}, command_id=1, specificationLevel=0, acceptSslCerts=false, browserVersion=48.0, platformVersion=10.0, XULappId={ec8030f7-c20a-464f-9b0e-13a3a9e97384}, browserName=Firefox, takesScreenshot=true, takesElementScreenshot=true, platformName=Windows_NT, device=desktop}]<br>Session ID: 7fb6b384-77f2-4dc8-bfa1-886942be4104<br>*** Element info: {Using=xpath, vallue=.//*[@id='civitasks']/div/div[1]/div/div/form/div[1]/div/div[1]/div/div/span/span[1]}<br>	at java.lang.reflect.Constructor.newInstance(Constructor.java:423)<br>	at org.openqa.selenium.remote.ErrorHandler.createThrowable(ErrorHandler.java:206)<br>	at org.openqa.selenium.remote.ErrorHandler.throwIfResponseFailed(ErrorHandler.java:158)<br>	at org.openqa.selenium.remote.RemoteWebDriver.execute(RemoteWebDriver.java:683)<br>	at org.openqa.selenium.remote.RemoteWebDriver.findElement(RemoteWebDriver.java:377)<br>	at org.openqa.selenium.remote.RemoteWebDriver.findElementByXPath(RemoteWebDriver.java:506)<br>	at org.openqa.selenium.By$ByXPath.findElement(By.java:361)<br>	at org.openqaa.selenium.remote.RemoteWebDriver.findElement(RemoteWebDriver.java:369)<br>	at org.openqa.seleniium.support.ui.ExpectedConditions.findElement(ExpectedConditions.java:895)<br>	at org.openqa.selenium.support.ui.ExpectedConditions.access$000(ExpectedConditions.java:41))<br>	at orgg.openqa.selenium.support.ui.ExpectedConditions$7.apply(ExpectedConditions.java:205)<br>	at org.openqa.selenium.support.ui.ExpectedConditions$7.apply(ExpectedConditions.java:201)<br>	at org.openqa.selenium.support.ui.ExpectedConditions$22.apply(ExpectedConditions.jjava:651)<br>	at org.openqa.selenium.support.ui.ExpectedConditions$22.apply(ExpectedConditions.java:644)<br>	at org.openqa.selenium.support.ui.FluentWait.until(FluentWait.java:238)<br>
</code></td><td>30.022</td>
</tr>
<tr valign="top" class="Error">
<td><a href="com/civihr/test/automation/1_Commons.html">Commons</a></td><td><a name="initializationError"></a><a href="com/civihr/test/automation/1_Commons.html#initializationError">initializationError</a></td><td>Error</td><td>Test class should have exactly one public zero-argument constructor<br>
<br>
<code>java.lang.Exception: Test class should have exactly one public zero-argument constructor<br>	at java.lang.reflect.Constructor..newInstance(Constructor.java:423)<br>
</code>No runnable methods<br>
<br>
<code>java.lang.Exception: No runnable methods<br>	at java.lang.reflect.Constructor.newInstance(Constructor.java:423)<br>
</code></td><td>0.001</td>
</tr>
<tr valign="top" class="Error">
<td><a href="com/civihr/test/automation/2_EditExistingDocTest.html">EditExistingDocTest</a></td><td><a name="step1_login"></a><a href="com/civihr/test/automation/2_EditExistingDocTest.html#step1_login">step1_login</a></td><td>Error</td><td>N/A<br>
<br>
<code>java.lang.NullPointerException<br>	at com.civihr.test.automation.Commons.goToUrl(Unknown Source)<br>	at com.civihr.test.automation.EditExistingDocTest.step1_login(Unknown Source)<br>
</code></td><td>0.009</td>
</tr>
<tr valign="top" class="Error">
<td><a href="com/civihr/test/automation/2_EditExistingDocTest.html">EditExistingDocTest</a></td><td><a name="step2_clickOnDocLink"></a><a href="com/civihr/test/automation/2_EditExistingDocTest.html#step2_clickOnDocLink">step2_clickOnDocLink</a></td><td>Error</td><td>Expected condition failed: waiting for element to be clickable: By.xpath: .//a[@href='#/documents'] (tried for 30 second(s) with 500 MILLISECONDS interval)
Build info: version: 'unknown', revision: '2aa21c1', time: '2016-08-02 14:59:43 -0700'
System info: host: 'DESKTOP-H3K5A4R', ip: '192.168.2.123', os.name: 'Windows 10', os.arch: 'amd64', os.version: '10.0', java.version: '1.8.0_92'
Driver info: org.openqa.selenium.firefox.FirefoxDriver
Capabilities [{rotatable=false, raisesAccessibilityExceptions=false, marionette=true, appBuildId=20160726073904, version=, platform=XP, proxy={}, command_id=1, specificationLevel=0, acceptSslCerts=false, browserVersion=48.0, platformVersion=10.0, XULappId={ec8030f7-c20a-464f-9b0e-13a3a9e97384}, browserName=Firefox, takesScreenshot=true, takesElementScreenshot=true, platformName=Windows_NT, device=desktop}]
Session ID: c6814450-8b99-44a3-b889-ad0d9e306a1c<br>
<br>
<code>org.openqa.selenium.TimeoutException: Expected condition failed: waiting for element to be clickable: By.xpath: .//a[@href='#/documents'] (ttried for 30 second(s) with 500 MILLISECONDS interval)<br>Build info: version: 'unknown', revision: '2aa21c1', time: '2016-08-02 14:59:43 -0700'<br>System info: host: 'DESKTOP-H3K5A4R', ip: '192.168.2.123', os.name: 'Windows 10', os.arch: 'amd64',  os.version: '10.0', java.version: '1.8.0_92'<br>Driver info: org.openqa.selenium.firefox.FirrefoxDriver<br>Capabilities [{rotatable=false, raisesAccessibilityExceptions=false, marionette=true, appBuildId=20160726073904, version=, platform=XP, proxy={}, command_id=1, specificationLevel=0, acceptSslCerts=false, browserVersion=48.0, platformVersion=10.0, XULappId={ec8030f7-c20a-464f-9b0e-13a3a9e97384}, browserName=Firefox, takesScreenshot=true, takesElementScreenshot=true, platformName=Windows_NT, device=desktop}]<br>Sessioon ID: c6814450-8b99-44a3-b889-ad0d9e306a1c<br>	at org.openqa.selenium.support.ui.WebDriverWait.timeoutException(WebDriverWait.jjava:80)<br>	at org.openqa.selenium.support.ui.FFluentWait.until(FluentWait.java:260)<br>	at com.civihr.test.automation.EditExistingDocTest.step2_clickOnDocLinkk(Unknown Source)<br>Caused by: org.openqa.selenium.NoSuchElementException: Unable to locate element: .//a[@href='#/documents'] ((WARNING: The server did not provide any stacktrace information)<br>Commaand duration or timeout: 6 milliseconds<br>For documentation on this error, please visit: http://seleniumhq.org/exceptions/no_such_element.html<br>Build info: version: 'unknown', revision: '2aa21c1', time: '2016-08-02 14:59:43 -0700'<br>Systemm info: host: 'DESKTOP-H3K5A4R', ip: '192.168.2.123', os.name: 'Windows 10', os.arch: 'amd64', os.version: '10.0', java.version: '1.8.0_92'<br>Driver info: org.openqa.selenium.firefox.FirefoxDriver<br>
<br>Capabilities [{rotatable=false, raisesAccessibilityExceptions=false, marionette=true, appBuildId=20160726073904, version=, platform=XP, proxy={}, command_id=1, specificationLevel=0, acceptSslCerts=false, browserVersion=48.0, platformVersion=10.0, XULappId={ec80330f7-c20a-464f-9b0e-13a3a9e97384}, browserName=Firefox, takesScreenshot=true, takesElementScreenshot=true, platformName=Windows_NT, device=desktop}]<br>Session ID: c6814450-8b99-44a3-b889-ad0d9e306a1c<br>*** Ellement info: {Using=xpath, value=.//a[@href='#/documents']}<br>	at java.lang.reflect.Constructor.newInstance(Constructor.java:423)<br>	at org.openqa.selenium.remote.ErrorHandler.createThhrowable(ErrorHandler.java:206)<br>	at org.openqa.selenium.remote.ErrorHandler.throwIfRResponseFailed(ErrorHandler.java:158)<br>	at org.openqa.selenium.remote.RemoteWebDriver.execute(RemoteWebDriver.java:683)<br>	at org.openqa.selenium.remote.RemoteWebDriver.findEElement(RemoteWebDriver.java:377)<br>	at org.openqa.selenium.remote.RemoteWebDriver.findElementByXPath(RemoteWebDriver.java:506)<br>	at org.openqa.selenium.By$ByXPath.findElement(By.java:361)<br>	at org.openqaa.selenium.remote.RemoteWebDriver.findElement(RemoteWebDriver.java:369)<br>	at org.openqa.seleniium.support.ui.ExpectedConditions.findElement(ExpectedConditions.java:895)<br>	at org.openqa.selenium.support.ui.ExpectedConditions.access$000(ExpectedConditions.java:41))<br>	at orgg.openqa.selenium.support.ui.ExpectedConditions$7.apply(ExpectedConditions.java:205)<br>	at org.openqa.selenium.support.ui.ExpectedConditions$7.apply(ExpectedConditions.java:201)<br>	at org.openqa.selenium.support.ui.ExpectedConditions$22.apply(ExpectedConditions.jjava:651)<br>	at org.openqa.selenium.support.ui.ExpectedConditions$22.apply(ExpectedConditions.java:644)<br>	at org.openqa.selenium.support.ui.FluentWait.until(FluentWait.java:238)<br>
</code></td><td>30.472</td>
</tr>
<tr valign="top" class="Error">
<td><a href="com/civihr/test/automation/2_EditExistingDocTest.html">EditExistingDocTest</a></td><td><a name="step4_editDetailsSave"></a><a href="com/civihr/test/automation/2_EditExistingDocTest.html#step4_editDetailsSave">step4_editDetailsSave</a></td><td>Error</td><td>Expected condition failed: waiting for element to be clickable: By.xpath: .//*[@id='civitasks']/div/div[1]/div/div/form/div[1]/div/div[1]/div/div/span (tried for 30 second(s) with 500 MILLISECONDS interval)
Build info: version: 'unknown', revision: '2aa21c1', time: '2016-08-02 14:59:43 -0700'
System info: host: 'DESKTOP-H3K5A4R', ip: '192.168.2.123', os.name: 'Windows 10', os.arch: 'amd64', os.version: '10.0', java.version: '1.8.0_92'
Driver info: org.openqa.selenium.firefox.FirefoxDriver
Capabilities [{rotatable=false, raisesAccessibilityExceptions=false, marionette=true, appBuildId=20160726073904, version=, platform=XP, proxy={}, command_id=1, specificationLevel=0, acceptSslCerts=false, browserVersion=48.0, platformVersion=10.0, XULappId={ec8030f7-c20a-464f-9b0e-13a3a9e97384}, browserName=Firefox, takesScreenshot=true, takesElementScreenshot=true, platformName=Windows_NT, device=desktop}]
Session ID: 9c51a641-232a-40f1-9d4e-df4ff282672e<br>
<br>
<code>org.openqa.selenium.TimeoutException: Expected condition failed: waiting for element to be clickable: By.xpath: .//*[@id='civitasks']/div/div[1]/div/div/form/div[1]/ddiv/div[1]/div/div/span (tried for 30 second(s) with 500 MILLISECONDS interval)<br>Build info: version:  'unknown', revision: '2aa21c1', time: '2016-08-02 14:59:43 -0700'<br>System info: host: 'DESKTOP-H3K5A4R', ip: '192.168.2.123', os.name: 'Windows 10', os.arch: 'amd64',  os.version: '10.0', java.version: '1.8.0_92'<br>Driver info: org.oopenqa.selenium.firefox.FirefoxDriver<br>Capabilities [{rotatable=false, raisesAccessibilityExceptions=false, marionette=true, appBuildId=20160726073904, version=, platform=XP, proxy={}, command_id=1, specificationLevel=0, acceptSslCerts=false, browserVersion=48.0, plattformVersion=10.0, XULappId={ec8030f7-c20a-464f-9b0e-13a3a9e97384}, browserName=Firefox, takesScreenshot=true, takesElementScreenshot=true, platformName=Windows_NT, device=desktop}]<br>Session ID: 9c51a641-232a-40f1-9d4e-df4ff282672e<br>	at org.openqa.selenium.support.ui.WebDriverWait.timeoutException(WebDriverWait.java:80)<br>	at org.openqa.selenium.support.ui.FluentWait.until(FluentWait.java:260)<br>	at com.civihr.test.automation.EditExistingDocTest.step4_editDetailsSave(Unnknown Source)<br>Caused by: org.openqa.selenium.NoSuchElementException: Unable to locate element: .//*[@id='civitasks']/div/div[1]/div/div/form/div[1]/div/div[1]/div/div/span (WARNING: The server did not provide any staacktrace information)<br>Command duration or timeout: 6 milliseconds<br>For documentation on this error, please visit: http://seleniumhq.org/excceptions/no_such_element.html<br>Build info: version: 'unknown', revision: '2aa21c1', time: '2016-08-02  14:59:43 -0700'<br>System info: host: 'DESKTOP-H3K5A4R', ip: '192.168.2.123', os.name: 'Windows 10', os.arch: 'amd64',  os.version: '10.0', java.version: '1.8.0_92'<br>Driver info: org.openqa.selennium.firefox.FirefoxDriver<br>Capabilities [{rotatable=false, raisesAccessibilityExceptions=false, marionette=true, appBuildId=20160726073904, version=, platform=XP, proxy={}, command_id=1, specificationLevel=0, acceptSslCerts=false, browserVersion=48.0, platformVersion=10.0, XULappId={ec8030f7-c20a-464f-9b0e-13a3a9e97384}, browserName=Firefox, takesScreenshot=true, takesElementScreenshot=true, platformName=Windows_NT, device=desktop}]<br>Session ID: 9c51a641-232a-40f1-9d4e-df4ff282672e<br>*** Element info: {Using=xpath,, value=.//*[@id='civitasks']/div/div[1]/div/div/form/div[1]/div/div[1]/div/div/span}<br>	at java.lang.reflect.Constructor.newInstance(Constructor.java:423)<br>	at org.openqa.selenium.remote.ErrorHandler.createThrowable(ErrorHandler.java:206)<br>	at org.openqa.selenium.remote.ErrorHandler.throwIfResponseFailed(ErrorHandler.java:158)<br>	at org.openqa.selenium.remote.RemoteWebDriver.execute(RemoteWebDriver.java:683)<br>	at org.openqa.selenium.remote.RemoteWebDriver.findElement(RemoteWebDriver.java:377)<br>	at org.openqa.selenium.remote.RemoteWebDriver.findElementByXPath(RemoteWebDriver.java:506)<br>	at org.openqa.selenium.By$ByXPath.findElement(By.java:361)<br>	at org.openqaa.selenium.remote.RemoteWebDriver.findElement(RemoteWebDriver.java:369)<br>	at org.openqa.seleniium.support.ui.ExpectedConditions.findElement(ExpectedConditions.java:895)<br>	at org.openqa.selenium.support.ui.ExpectedConditions.access$000(ExpectedConditions.java:41))<br>	at orgg.openqa.selenium.support.ui.ExpectedConditions$7.apply(ExpectedConditions.java:205)<br>	at org.openqa.selenium.support.ui.ExpectedConditions$7.apply(ExpectedConditions.java:201)<br>	at org.openqa.selenium.support.ui.ExpectedConditions$22.apply(ExpectedConditions.jjava:651)<br>	at org.openqa.selenium.support.ui.ExpectedConditions$22.apply(ExpectedConditions.java:644)<br>	at org.openqa.selenium.support.ui.FluentWait.until(FluentWait.java:238)<br>
</code></td><td>30.262</td>
</tr>
<tr valign="top" class="Error">
<td><a href="com/civihr/test/automation/3_Interactions.html">Interactions</a></td><td><a name="initializationError"></a><a href="com/civihr/test/automation/3_Interactions.html#initializationError">initializationError</a></td><td>Error</td><td>Test class should have exactly one public zero-argument constructor<br>
<br>
<code>java.lang.Exception: Test class should have exactly one public zero-argument constructor<br>	at java.lang.reflect.Constructor..newInstance(Constructor.java:423)<br>
</code>No runnable methods<br>
<br>
<code>java.lang.Exception: No runnable methods<br>	at java.lang.reflect.Constructor.newInstance(Constructor.java:423)<br>
</code></td><td>0.001</td>
</tr>
</table>
</body>
</html>
