<?xml version="1.0" encoding="UTF-8" ?>
<testsuite errors="2" failures="0" hostname="DESKTOP-H3K5A4R" name="com.civihr.test.automation.CivicHRNewDocument" skipped="0" tests="1" time="86.668" timestamp="2016-08-14T05:00:14">
  <properties>
    <property name="java.vendor" value="Oracle Corporation" />
    <property name="lib.dir" value="G:\Usha\workspace\CiviHR-Test-Automation\libs" />
    <property name="sun.java.launcher" value="SUN_STANDARD" />
    <property name="eclipse.pdebuild.templates" value="/J:/eclipse/plugins/org.eclipse.pde.build_3.9.100.v20150521-1524/templates/" />
    <property name="sun.management.compiler" value="HotSpot 64-Bit Tiered Compilers" />
    <property name="os.name" value="Windows 10" />
    <property name="sun.boot.class.path" value="C:\jdk1.8\jre\lib\resources.jar;C:\jdk1.8\jre\lib\rt.jar;C:\jdk1.8\jre\lib\sunrsasign.jar;C:\jdk1.8\jre\lib\jsse.jar;C:\jdk1.8\jre\lib\jce.jar;C:\jdk1.8\jre\lib\charsets.jar;C:\jdk1.8\jre\lib\jfr.jar;C:\jdk1.8\jre\classes" />
    <property name="ant.file.type.CiviHR-Test-Automation" value="file" />
    <property name="sun.desktop" value="windows" />
    <property name="java.vm.specification.vendor" value="Oracle Corporation" />
    <property name="ant.home" value="J:\eclipse\plugins\org.apache.ant_1.9.6.v201510161327" />
    <property name="java.runtime.version" value="1.8.0_92-b14" />
    <property name="user.name" value="adityayadav76" />
    <property name="build.dir" value="G:\Usha\workspace\CiviHR-Test-Automation\build" />
    <property name="user.language" value="en" />
    <property name="sun.boot.library.path" value="C:\jdk1.8\jre\bin" />
    <property name="ant.project.default-target" value="Main" />
    <property name="ant.project.name" value="CiviHR-Test-Automation" />
    <property name="java.version" value="1.8.0_92" />
    <property name="user.timezone" value="" />
    <property name="sun.arch.data.model" value="64" />
    <property name="junit.out" value="out/reports/junit" />
    <property name="java.endorsed.dirs" value="C:\jdk1.8\jre\lib\endorsed" />
    <property name="sun.cpu.isalist" value="amd64" />
    <property name="sun.jnu.encoding" value="Cp1252" />
    <property name="file.encoding.pkg" value="sun.io" />
    <property name="file.separator" value="\" />
    <property name="java.specification.name" value="Java Platform API Specification" />
    <property name="java.class.version" value="52.0" />
    <property name="user.country" value="US" />
    <property name="java.home" value="C:\jdk1.8\jre" />
    <property name="java.vm.info" value="mixed mode" />
    <property name="ant.file" value="G:\Usha\workspace\CiviHR-Test-Automation\build.xml" />
    <property name="os.version" value="10.0" />
    <property name="path.separator" value=";" />
    <property name="java.vm.version" value="25.92-b14" />
    <property name="user.variant" value="" />
    <property name="ant.library.dir" value="J:\eclipse\plugins\org.apache.ant_1.9.6.v201510161327\lib" />
    <property name="java.awt.printerjob" value="sun.awt.windows.WPrinterJob" />
    <property name="sun.io.unicode.encoding" value="UnicodeLittle" />
    <property name="awt.toolkit" value="sun.awt.windows.WToolkit" />
    <property name="user.script" value="" />
    <property name="eclipse.pdebuild.scripts" value="/J:/eclipse/plugins/org.eclipse.pde.build_3.9.100.v20150521-1524/scripts/" />
    <property name="user.home" value="C:\Users\adityayadav76" />
    <property name="java.specification.vendor" value="Oracle Corporation" />
    <property name="java.library.path" value="C:\jdk1.8\jre\bin;C:\WINDOWS\Sun\Java\bin;C:\WINDOWS\system32;C:\WINDOWS;c:/jdk1.8/bin/../jre/bin/server;c:/jdk1.8/bin/../jre/bin;c:/jdk1.8/bin/../jre/lib/amd64;c:\jdk1.8\bin;C:\apache-ant-1.9.7\bin;C:\apache-maven-3.3.9\bin;C:\WINDOWS\system32;C:\WINDOWS;C:\WINDOWS\System32\Wbem;C:\WINDOWS\System32\WindowsPowerShell\v1.0\;C:\Program Files (x86)\ATI Technologies\ATI.ACE\Core-Static;C:\ProgramData\Oracle\Java\javapath;C:\Program Files (x86)\Skype\Phone\;J:\eclipse;;." />
    <property name="java.vendor.url" value="http://java.oracle.com/" />
    <property name="java.vm.vendor" value="Oracle Corporation" />
    <property name="java.runtime.name" value="Java(TM) SE Runtime Environment" />
    <property name="sun.java.command" value="org.apache.tools.ant.taskdefs.optional.junit.JUnitTestRunner com.civihr.test.automation.CivicHRNewDocument skipNonTests=false filtertrace=true haltOnError=false haltOnFailure=false formatter=org.apache.tools.ant.taskdefs.optional.junit.SummaryJUnitResultFormatter showoutput=false outputtoformatters=true logfailedtests=true threadid=0 logtestlistenerevents=false formatter=org.apache.tools.ant.taskdefs.optional.junit.PlainJUnitResultFormatter,G:\Usha\workspace\CiviHR-Test-Automation\out\reports\junit\TEST-com.civihr.test.automation.CivicHRNewDocument.txt formatter=org.apache.tools.ant.taskdefs.optional.junit.XMLJUnitResultFormatter,G:\Usha\workspace\CiviHR-Test-Automation\out\reports\junit\TEST-com.civihr.test.automation.CivicHRNewDocument.xml crashfile=G:\Usha\workspace\CiviHR-Test-Automation\junitvmwatcher5431434291352522270.properties propsfile=G:\Usha\workspace\CiviHR-Test-Automation\junit406819500958082361.properties" />
    <property name="java.class.path" value="G:\Usha\workspace\CiviHR-Test-Automation\build;G:\Usha\workspace\CiviHR-Test-Automation\libs\cglib-nodep-3.2.4.jar;G:\Usha\workspace\CiviHR-Test-Automation\libs\client-combined-3.0.0-beta2-nodeps.jar;G:\Usha\workspace\CiviHR-Test-Automation\libs\commons-codec-1.10.jar;G:\Usha\workspace\CiviHR-Test-Automation\libs\commons-exec-1.3.jar;G:\Usha\workspace\CiviHR-Test-Automation\libs\commons-logging-1.2.jar;G:\Usha\workspace\CiviHR-Test-Automation\libs\diffutils-1.3.0.jar;G:\Usha\workspace\CiviHR-Test-Automation\libs\gson-2.3.1.jar;G:\Usha\workspace\CiviHR-Test-Automation\libs\guava-19.0.jar;G:\Usha\workspace\CiviHR-Test-Automation\libs\hamcrest-core-1.3.jar;G:\Usha\workspace\CiviHR-Test-Automation\libs\hamcrest-library-1.3.jar;G:\Usha\workspace\CiviHR-Test-Automation\libs\httpclient-4.5.2.jar;G:\Usha\workspace\CiviHR-Test-Automation\libs\httpcore-4.4.4.jar;G:\Usha\workspace\CiviHR-Test-Automation\libs\httpmime-4.5.2.jar;G:\Usha\workspace\CiviHR-Test-Automation\libs\jline-2.12.1.jar;G:\Usha\workspace\CiviHR-Test-Automation\libs\jna-4.1.0.jar;G:\Usha\workspace\CiviHR-Test-Automation\libs\jna-platform-4.1.0.jar;G:\Usha\workspace\CiviHR-Test-Automation\libs\junit-4.12.jar;G:\Usha\workspace\CiviHR-Test-Automation\libs\netty-3.5.7.Final.jar;G:\Usha\workspace\CiviHR-Test-Automation\libs\partest-extras-2.11.7.jar;G:\Usha\workspace\CiviHR-Test-Automation\libs\phantomjsdriver-1.2.1.jar;G:\Usha\workspace\CiviHR-Test-Automation\libs\repl-2.11.7.jar;G:\Usha\workspace\CiviHR-Test-Automation\libs\scala-compiler-2.11.7.jar;G:\Usha\workspace\CiviHR-Test-Automation\libs\scala-library-2.11.7.jar;G:\Usha\workspace\CiviHR-Test-Automation\libs\scala-parser-combinators_2.11-1.0.4.jar;G:\Usha\workspace\CiviHR-Test-Automation\libs\scala-partest_2.11-1.0.9.jar;G:\Usha\workspace\CiviHR-Test-Automation\libs\scala-reflect-2.11.7.jar;G:\Usha\workspace\CiviHR-Test-Automation\libs\scala-xml_2.11-1.0.4.jar;G:\Usha\workspace\CiviHR-Test-Automation\libs\scaladoc-2.11.7.jar;G:\Usha\workspace\CiviHR-Test-Automation\libs\test-interface-1.0.jar;J:\eclipse\plugins\org.apache.ant_1.9.6.v201510161327\lib\ant-launcher.jar;J:\eclipse\plugins\org.apache.ant_1.9.6.v201510161327\lib\ant.jar;J:\eclipse\plugins\org.apache.ant_1.9.6.v201510161327\lib\ant-junit.jar;J:\eclipse\plugins\org.apache.ant_1.9.6.v201510161327\lib\ant-junit4.jar" />
    <property name="ant.version" value="Apache Ant(TM) version 1.9.6 compiled on June 29 2015" />
    <property name="ant.file.CiviHR-Test-Automation" value="G:\Usha\workspace\CiviHR-Test-Automation\build.xml" />
    <property name="java.vm.specification.name" value="Java Virtual Machine Specification" />
    <property name="java.vm.specification.version" value="1.8" />
    <property name="sun.cpu.endian" value="little" />
    <property name="sun.os.patch.level" value="" />
    <property name="eclipse.pdebuild.home" value="/J:/eclipse/plugins/org.eclipse.pde.build_3.9.100.v20150521-1524/./" />
    <property name="java.io.tmpdir" value="C:\Users\ADITYA~1\AppData\Local\Temp\" />
    <property name="java.vendor.url.bug" value="http://bugreport.sun.com/bugreport/" />
    <property name="os.arch" value="amd64" />
    <property name="java.awt.graphicsenv" value="sun.awt.Win32GraphicsEnvironment" />
    <property name="java.ext.dirs" value="C:\jdk1.8\jre\lib\ext;C:\WINDOWS\Sun\Java\lib\ext" />
    <property name="user.dir" value="G:\Usha\workspace\CiviHR-Test-Automation" />
    <property name="line.separator" value="&#xd;&#xa;" />
    <property name="java.vm.name" value="Java HotSpot(TM) 64-Bit Server VM" />
    <property name="basedir" value="G:\Usha\workspace\CiviHR-Test-Automation" />
    <property name="haltonfailure" value="no" />
    <property name="ant.java.version" value="1.8" />
    <property name="ant.core.lib" value="J:\eclipse\plugins\org.apache.ant_1.9.6.v201510161327\lib\ant.jar" />
    <property name="file.encoding" value="Cp1252" />
    <property name="out" value="out" />
    <property name="reports.out" value="out/reports" />
    <property name="java.specification.version" value="1.8" />
    <property name="src.dir" value="G:\Usha\workspace\CiviHR-Test-Automation\src" />
    <property name="ant.project.invoked-targets" value="run-junit" />
  </properties>
  <testcase classname="com.civihr.test.automation.CivicHRNewDocument" name="testCivicHRNewDocument" time="86.593">
    <error message="Unable to locate element: (//div[@id=&apos;ui-select-choices-row-37-&apos;]/a/small)[2] (WARNING: The server did not provide any stacktrace information)&#xa;Command duration or timeout: 30.05 seconds&#xa;For documentation on this error, please visit: http://seleniumhq.org/exceptions/no_such_element.html&#xa;Build info: version: &apos;unknown&apos;, revision: &apos;2aa21c1&apos;, time: &apos;2016-08-02 14:59:43 -0700&apos;&#xa;System info: host: &apos;DESKTOP-H3K5A4R&apos;, ip: &apos;192.168.2.123&apos;, os.name: &apos;Windows 10&apos;, os.arch: &apos;amd64&apos;, os.version: &apos;10.0&apos;, java.version: &apos;1.8.0_92&apos;&#xa;Driver info: org.openqa.selenium.firefox.FirefoxDriver&#xa;Capabilities [{rotatable=false, raisesAccessibilityExceptions=false, marionette=true, appBuildId=20160726073904, version=, platform=XP, proxy={}, command_id=1, specificationLevel=0, acceptSslCerts=false, browserVersion=48.0, platformVersion=10.0, XULappId={ec8030f7-c20a-464f-9b0e-13a3a9e97384}, browserName=Firefox, takesScreenshot=true, takesElementScreenshot=true, platformName=Windows_NT, device=desktop}]&#xa;Session ID: dd635d9e-9e28-4db8-9885-749299aad040&#xa;*** Element info: {Using=xpath, value=(//div[@id=&apos;ui-select-choices-row-37-&apos;]/a/small)[2]}" type="org.openqa.selenium.NoSuchElementException">org.openqa.selenium.NoSuchElementException: Unable to locate element: (//div[@id=&apos;ui-select-choices-row-37-&apos;]/a/small)[2] (WARNING: The server did not provide any stacktrace information)
Command duration or timeout: 30.05 seconds
For documentation on this error, please visit: http://seleniumhq.org/exceptions/no_such_element.html
Build info: version: &apos;unknown&apos;, revision: &apos;2aa21c1&apos;, time: &apos;2016-08-02 14:59:43 -0700&apos;
System info: host: &apos;DESKTOP-H3K5A4R&apos;, ip: &apos;192.168.2.123&apos;, os.name: &apos;Windows 10&apos;, os.arch: &apos;amd64&apos;, os.version: &apos;10.0&apos;, java.version: &apos;1.8.0_92&apos;
Driver info: org.openqa.selenium.firefox.FirefoxDriver
Capabilities [{rotatable=false, raisesAccessibilityExceptions=false, marionette=true, appBuildId=20160726073904, version=, platform=XP, proxy={}, command_id=1, specificationLevel=0, acceptSslCerts=false, browserVersion=48.0, platformVersion=10.0, XULappId={ec8030f7-c20a-464f-9b0e-13a3a9e97384}, browserName=Firefox, takesScreenshot=true, takesElementScreenshot=true, platformName=Windows_NT, device=desktop}]
Session ID: dd635d9e-9e28-4db8-9885-749299aad040
*** Element info: {Using=xpath, value=(//div[@id=&apos;ui-select-choices-row-37-&apos;]/a/small)[2]}
	at java.lang.reflect.Constructor.newInstance(Constructor.java:423)
	at org.openqa.selenium.remote.ErrorHandler.createThrowable(ErrorHandler.java:206)
	at org.openqa.selenium.remote.ErrorHandler.throwIfResponseFailed(ErrorHandler.java:158)
	at org.openqa.selenium.remote.RemoteWebDriver.execute(RemoteWebDriver.java:683)
	at org.openqa.selenium.remote.RemoteWebDriver.findElement(RemoteWebDriver.java:377)
	at org.openqa.selenium.remote.RemoteWebDriver.findElementByXPath(RemoteWebDriver.java:506)
	at org.openqa.selenium.By$ByXPath.findElement(By.java:361)
	at org.openqa.selenium.remote.RemoteWebDriver.findElement(RemoteWebDriver.java:369)
	at com.civihr.test.automation.CivicHRNewDocument.testCivicHRNewDocument(Unknown Source)
</error>
    <error message="Error communicating with the remote browser. It may have died.&#xa;Build info: version: &apos;unknown&apos;, revision: &apos;2aa21c1&apos;, time: &apos;2016-08-02 14:59:43 -0700&apos;&#xa;System info: host: &apos;DESKTOP-H3K5A4R&apos;, ip: &apos;192.168.2.123&apos;, os.name: &apos;Windows 10&apos;, os.arch: &apos;amd64&apos;, os.version: &apos;10.0&apos;, java.version: &apos;1.8.0_92&apos;&#xa;Driver info: driver.version: RemoteWebDriver&#xa;Capabilities [{rotatable=false, raisesAccessibilityExceptions=false, marionette=true, appBuildId=20160726073904, version=, platform=XP, proxy={}, command_id=1, specificationLevel=0, acceptSslCerts=false, browserVersion=48.0, platformVersion=10.0, XULappId={ec8030f7-c20a-464f-9b0e-13a3a9e97384}, browserName=Firefox, takesScreenshot=true, takesElementScreenshot=true, platformName=Windows_NT, device=desktop}]&#xa;Session ID: dd635d9e-9e28-4db8-9885-749299aad040" type="org.openqa.selenium.remote.UnreachableBrowserException">org.openqa.selenium.remote.UnreachableBrowserException: Error communicating with the remote browser. It may have died.
Build info: version: &apos;unknown&apos;, revision: &apos;2aa21c1&apos;, time: &apos;2016-08-02 14:59:43 -0700&apos;
System info: host: &apos;DESKTOP-H3K5A4R&apos;, ip: &apos;192.168.2.123&apos;, os.name: &apos;Windows 10&apos;, os.arch: &apos;amd64&apos;, os.version: &apos;10.0&apos;, java.version: &apos;1.8.0_92&apos;
Driver info: driver.version: RemoteWebDriver
Capabilities [{rotatable=false, raisesAccessibilityExceptions=false, marionette=true, appBuildId=20160726073904, version=, platform=XP, proxy={}, command_id=1, specificationLevel=0, acceptSslCerts=false, browserVersion=48.0, platformVersion=10.0, XULappId={ec8030f7-c20a-464f-9b0e-13a3a9e97384}, browserName=Firefox, takesScreenshot=true, takesElementScreenshot=true, platformName=Windows_NT, device=desktop}]
Session ID: dd635d9e-9e28-4db8-9885-749299aad040
	at org.openqa.selenium.remote.RemoteWebDriver.execute(RemoteWebDriver.java:670)
	at org.openqa.selenium.remote.RemoteWebDriver.execute(RemoteWebDriver.java:706)
	at org.openqa.selenium.remote.RemoteWebDriver.quit(RemoteWebDriver.java:531)
	at com.civihr.test.automation.CivicHRNewDocument.tearDown(Unknown Source)
Caused by: java.lang.IllegalStateException: UnixUtils may not be used on Windows
	at org.openqa.selenium.os.ProcessUtils.getProcessId(ProcessUtils.java:188)
	at org.openqa.selenium.os.UnixProcess$SeleniumWatchDog.getPID(UnixProcess.java:222)
	at org.openqa.selenium.os.UnixProcess$SeleniumWatchDog.access$300(UnixProcess.java:201)
	at org.openqa.selenium.os.UnixProcess.destroy(UnixProcess.java:132)
	at org.openqa.selenium.os.CommandLine.destroy(CommandLine.java:155)
	at org.openqa.selenium.remote.service.DriverService.stop(DriverService.java:196)
	at org.openqa.selenium.remote.service.DriverCommandExecutor.execute(DriverCommandExecutor.java:94)
	at org.openqa.selenium.remote.RemoteWebDriver.execute(RemoteWebDriver.java:649)
</error>
  </testcase>
  <system-out><![CDATA[]]></system-out>
  <system-err><![CDATA[1471150816937	Marionette	INFO	Listening on port 62199
1471150819313	Marionette	INFO	startBrowser dd635d9e-9e28-4db8-9885-749299aad040
1471150819323	Marionette	INFO	sendAsync dd635d9e-9e28-4db8-9885-749299aad040
1471150819631	Marionette	INFO	sendAsync dd635d9e-9e28-4db8-9885-749299aad040
1471150819680	Marionette	INFO	sendAsync dd635d9e-9e28-4db8-9885-749299aad040
1471150834420	Marionette	INFO	sendAsync dd635d9e-9e28-4db8-9885-749299aad040
1471150834433	Marionette	INFO	sendAsync dd635d9e-9e28-4db8-9885-749299aad040
1471150834449	Marionette	INFO	sendAsync dd635d9e-9e28-4db8-9885-749299aad040
1471150834458	Marionette	INFO	sendAsync dd635d9e-9e28-4db8-9885-749299aad040
1471150834523	Marionette	INFO	sendAsync dd635d9e-9e28-4db8-9885-749299aad040
1471150834532	Marionette	INFO	sendAsync dd635d9e-9e28-4db8-9885-749299aad040
1471150834554	Marionette	INFO	sendAsync dd635d9e-9e28-4db8-9885-749299aad040
1471150834561	Marionette	INFO	sendAsync dd635d9e-9e28-4db8-9885-749299aad040
1471150834609	Marionette	INFO	sendAsync dd635d9e-9e28-4db8-9885-749299aad040
1471150834616	Marionette	INFO	sendAsync dd635d9e-9e28-4db8-9885-749299aad040
1471150845077	Marionette	INFO	sendAsync dd635d9e-9e28-4db8-9885-749299aad040
1471150857400	Marionette	INFO	sendAsync dd635d9e-9e28-4db8-9885-749299aad040
1471150857408	Marionette	INFO	sendAsync dd635d9e-9e28-4db8-9885-749299aad040
1471150860451	Marionette	INFO	sendAsync dd635d9e-9e28-4db8-9885-749299aad040
1471150860460	Marionette	INFO	sendAsync dd635d9e-9e28-4db8-9885-749299aad040
1471150860468	Marionette	INFO	sendAsync dd635d9e-9e28-4db8-9885-749299aad040
1471150860475	Marionette	INFO	sendAsync dd635d9e-9e28-4db8-9885-749299aad040
1471150860484	Marionette	INFO	sendAsync dd635d9e-9e28-4db8-9885-749299aad040
1471150860493	Marionette	INFO	sendAsync dd635d9e-9e28-4db8-9885-749299aad040
1471150860547	Marionette	INFO	sendAsync dd635d9e-9e28-4db8-9885-749299aad040
1471150860558	Marionette	INFO	sendAsync dd635d9e-9e28-4db8-9885-749299aad040
1471150860586	Marionette	INFO	sendAsync dd635d9e-9e28-4db8-9885-749299aad040
1471150860594	Marionette	INFO	sendAsync dd635d9e-9e28-4db8-9885-749299aad040
1471150862843	Marionette	INFO	sendAsync dd635d9e-9e28-4db8-9885-749299aad040
1471150862849	Marionette	INFO	sendAsync dd635d9e-9e28-4db8-9885-749299aad040
1471150862943	Marionette	INFO	sendAsync dd635d9e-9e28-4db8-9885-749299aad040
1471150862972	Marionette	INFO	sendAsync dd635d9e-9e28-4db8-9885-749299aad040
1471150865030	Marionette	INFO	sendAsync dd635d9e-9e28-4db8-9885-749299aad040
1471150865037	Marionette	INFO	sendAsync dd635d9e-9e28-4db8-9885-749299aad040
1471150865094	Marionette	INFO	sendAsync dd635d9e-9e28-4db8-9885-749299aad040
1471150865114	Marionette	INFO	sendAsync dd635d9e-9e28-4db8-9885-749299aad040
1471150865130	Marionette	INFO	sendAsync dd635d9e-9e28-4db8-9885-749299aad040
1471150865136	Marionette	INFO	sendAsync dd635d9e-9e28-4db8-9885-749299aad040
1471150867218	Marionette	INFO	sendAsync dd635d9e-9e28-4db8-9885-749299aad040
1471150867224	Marionette	INFO	sendAsync dd635d9e-9e28-4db8-9885-749299aad040
1471150867313	Marionette	INFO	sendAsync dd635d9e-9e28-4db8-9885-749299aad040
1471150867408	Marionette	INFO	sendAsync dd635d9e-9e28-4db8-9885-749299aad040
1471150867486	Marionette	INFO	sendAsync dd635d9e-9e28-4db8-9885-749299aad040
1471150867511	Marionette	INFO	sendAsync dd635d9e-9e28-4db8-9885-749299aad040
1471150867525	Marionette	INFO	sendAsync dd635d9e-9e28-4db8-9885-749299aad040
1471150867531	Marionette	INFO	sendAsync dd635d9e-9e28-4db8-9885-749299aad040
1471150869607	Marionette	INFO	sendAsync dd635d9e-9e28-4db8-9885-749299aad040
[Child 8648] ###!!! ABORT: Aborting on channel error.: file c:/builds/moz2_slave/m-rel-w32-00000000000000000000/build/src/ipc/glue/MessageChannel.cpp, line 2046
]]></system-err>
</testsuite>
