<html xmlns:string="xalan://java.lang.String" xmlns:lxslt="http://xml.apache.org/xslt">
<head>
<META http-equiv="Content-Type" content="text/html; charset=UTF-8">
<title>Unit Test Results: com.civihr.test.automation.AddNewDocTest</title>
<link rel="stylesheet" type="text/css" title="Style" href="../../../../stylesheet.css">
<script type="text/javascript" language="JavaScript">
        var TestCases = new Array();
        var cur;
        
    cur = TestCases['com.civihr.test.automation.AddNewDocTest'] = new Array();
    
        cur['ant.core.lib'] = 'J:\\eclipse\\plugins\\org.apache.ant_1.9.6.v201510161327\\lib\\ant.jar';
    
        cur['ant.file'] = 'G:\\Usha\\workspace\\CiviHR-Test-Automation\\build.xml';
    
        cur['ant.file.CiviHR-Test-Automation'] = 'G:\\Usha\\workspace\\CiviHR-Test-Automation\\build.xml';
    
        cur['ant.file.type.CiviHR-Test-Automation'] = 'file';
    
        cur['ant.home'] = 'J:\\eclipse\\plugins\\org.apache.ant_1.9.6.v201510161327';
    
        cur['ant.java.version'] = '1.8';
    
        cur['ant.library.dir'] = 'J:\\eclipse\\plugins\\org.apache.ant_1.9.6.v201510161327\\lib';
    
        cur['ant.project.default-target'] = 'Main';
    
        cur['ant.project.invoked-targets'] = 'run-junit';
    
        cur['ant.project.name'] = 'CiviHR-Test-Automation';
    
        cur['ant.version'] = 'Apache Ant(TM) version 1.9.6 compiled on June 29 2015';
    
        cur['awt.toolkit'] = 'sun.awt.windows.WToolkit';
    
        cur['basedir'] = 'G:\\Usha\\workspace\\CiviHR-Test-Automation';
    
        cur['build.dir'] = 'G:\\Usha\\workspace\\CiviHR-Test-Automation\\build';
    
        cur['eclipse.pdebuild.home'] = '/J:/eclipse/plugins/org.eclipse.pde.build_3.9.100.v20150521-1524/./';
    
        cur['eclipse.pdebuild.scripts'] = '/J:/eclipse/plugins/org.eclipse.pde.build_3.9.100.v20150521-1524/scripts/';
    
        cur['eclipse.pdebuild.templates'] = '/J:/eclipse/plugins/org.eclipse.pde.build_3.9.100.v20150521-1524/templates/';
    
        cur['file.encoding'] = 'Cp1252';
    
        cur['file.encoding.pkg'] = 'sun.io';
    
        cur['file.separator'] = '\\';
    
        cur['haltonfailure'] = 'no';
    
        cur['java.awt.graphicsenv'] = 'sun.awt.Win32GraphicsEnvironment';
    
        cur['java.awt.printerjob'] = 'sun.awt.windows.WPrinterJob';
    
        cur['java.class.path'] = 'G:\\Usha\\workspace\\CiviHR-Test-Automation\\build;G:\\Usha\\workspace\\CiviHR-Test-Automation\\libs\\cglib-nodep-3.2.4.jar;G:\\Usha\\workspace\\CiviHR-Test-Automation\\libs\\client-combined-3.0.0-beta2-nodeps.jar;G:\\Usha\\workspace\\CiviHR-Test-Automation\\libs\\commons-codec-1.10.jar;G:\\Usha\\workspace\\CiviHR-Test-Automation\\libs\\commons-exec-1.3.jar;G:\\Usha\\workspace\\CiviHR-Test-Automation\\libs\\commons-logging-1.2.jar;G:\\Usha\\workspace\\CiviHR-Test-Automation\\libs\\diffutils-1.3.0.jar;G:\\Usha\\workspace\\CiviHR-Test-Automation\\libs\\gson-2.3.1.jar;G:\\Usha\\workspace\\CiviHR-Test-Automation\\libs\\guava-19.0.jar;G:\\Usha\\workspace\\CiviHR-Test-Automation\\libs\\hamcrest-core-1.3.jar;G:\\Usha\\workspace\\CiviHR-Test-Automation\\libs\\hamcrest-library-1.3.jar;G:\\Usha\\workspace\\CiviHR-Test-Automation\\libs\\httpclient-4.5.2.jar;G:\\Usha\\workspace\\CiviHR-Test-Automation\\libs\\httpcore-4.4.4.jar;G:\\Usha\\workspace\\CiviHR-Test-Automation\\libs\\httpmime-4.5.2.jar;G:\\Usha\\workspace\\CiviHR-Test-Automation\\libs\\jline-2.12.1.jar;G:\\Usha\\workspace\\CiviHR-Test-Automation\\libs\\jna-4.1.0.jar;G:\\Usha\\workspace\\CiviHR-Test-Automation\\libs\\jna-platform-4.1.0.jar;G:\\Usha\\workspace\\CiviHR-Test-Automation\\libs\\junit-4.12.jar;G:\\Usha\\workspace\\CiviHR-Test-Automation\\libs\\netty-3.5.7.Final.jar;G:\\Usha\\workspace\\CiviHR-Test-Automation\\libs\\partest-extras-2.11.7.jar;G:\\Usha\\workspace\\CiviHR-Test-Automation\\libs\\phantomjsdriver-1.2.1.jar;G:\\Usha\\workspace\\CiviHR-Test-Automation\\libs\\repl-2.11.7.jar;G:\\Usha\\workspace\\CiviHR-Test-Automation\\libs\\scala-compiler-2.11.7.jar;G:\\Usha\\workspace\\CiviHR-Test-Automation\\libs\\scala-library-2.11.7.jar;G:\\Usha\\workspace\\CiviHR-Test-Automation\\libs\\scala-parser-combinators_2.11-1.0.4.jar;G:\\Usha\\workspace\\CiviHR-Test-Automation\\libs\\scala-partest_2.11-1.0.9.jar;G:\\Usha\\workspace\\CiviHR-Test-Automation\\libs\\scala-reflect-2.11.7.jar;G:\\Usha\\workspace\\CiviHR-Test-Automation\\libs\\scala-xml_2.11-1.0.4.jar;G:\\Usha\\workspace\\CiviHR-Test-Automation\\libs\\scaladoc-2.11.7.jar;G:\\Usha\\workspace\\CiviHR-Test-Automation\\libs\\test-interface-1.0.jar;J:\\eclipse\\plugins\\org.apache.ant_1.9.6.v201510161327\\lib\\ant-launcher.jar;J:\\eclipse\\plugins\\org.apache.ant_1.9.6.v201510161327\\lib\\ant.jar;J:\\eclipse\\plugins\\org.apache.ant_1.9.6.v201510161327\\lib\\ant-junit.jar;J:\\eclipse\\plugins\\org.apache.ant_1.9.6.v201510161327\\lib\\ant-junit4.jar';
    
        cur['java.class.version'] = '52.0';
    
        cur['java.endorsed.dirs'] = 'C:\\jdk1.8\\jre\\lib\\endorsed';
    
        cur['java.ext.dirs'] = 'C:\\jdk1.8\\jre\\lib\\ext;C:\\WINDOWS\\Sun\\Java\\lib\\ext';
    
        cur['java.home'] = 'C:\\jdk1.8\\jre';
    
        cur['java.io.tmpdir'] = 'C:\\Users\\ADITYA~1\\AppData\\Local\\Temp\\';
    
        cur['java.library.path'] = 'C:\\jdk1.8\\jre\\bin;C:\\WINDOWS\\Sun\\Java\\bin;C:\\WINDOWS\\system32;C:\\WINDOWS;c:/jdk1.8/bin/../jre/bin/server;c:/jdk1.8/bin/../jre/bin;c:/jdk1.8/bin/../jre/lib/amd64;c:\\jdk1.8\\bin;C:\\apache-ant-1.9.7\\bin;C:\\apache-maven-3.3.9\\bin;C:\\WINDOWS\\system32;C:\\WINDOWS;C:\\WINDOWS\\System32\\Wbem;C:\\WINDOWS\\System32\\WindowsPowerShell\\v1.0\\;C:\\Program Files (x86)\\ATI Technologies\\ATI.ACE\\Core-Static;C:\\ProgramData\\Oracle\\Java\\javapath;C:\\Program Files (x86)\\Skype\\Phone\\;J:\\eclipse;;.';
    
        cur['java.runtime.name'] = 'Java(TM) SE Runtime Environment';
    
        cur['java.runtime.version'] = '1.8.0_92-b14';
    
        cur['java.specification.name'] = 'Java Platform API Specification';
    
        cur['java.specification.vendor'] = 'Oracle Corporation';
    
        cur['java.specification.version'] = '1.8';
    
        cur['java.vendor'] = 'Oracle Corporation';
    
        cur['java.vendor.url'] = 'http://java.oracle.com/';
    
        cur['java.vendor.url.bug'] = 'http://bugreport.sun.com/bugreport/';
    
        cur['java.version'] = '1.8.0_92';
    
        cur['java.vm.info'] = 'mixed mode';
    
        cur['java.vm.name'] = 'Java HotSpot(TM) 64-Bit Server VM';
    
        cur['java.vm.specification.name'] = 'Java Virtual Machine Specification';
    
        cur['java.vm.specification.vendor'] = 'Oracle Corporation';
    
        cur['java.vm.specification.version'] = '1.8';
    
        cur['java.vm.vendor'] = 'Oracle Corporation';
    
        cur['java.vm.version'] = '25.92-b14';
    
        cur['junit.out'] = 'out/reports/junit';
    
        cur['lib.dir'] = 'G:\\Usha\\workspace\\CiviHR-Test-Automation\\libs';
    
        cur['line.separator'] = '\r\n';
    
        cur['os.arch'] = 'amd64';
    
        cur['os.name'] = 'Windows 10';
    
        cur['os.version'] = '10.0';
    
        cur['out'] = 'out';
    
        cur['path.separator'] = ';';
    
        cur['reports.out'] = 'out/reports';
    
        cur['src.dir'] = 'G:\\Usha\\workspace\\CiviHR-Test-Automation\\src';
    
        cur['sun.arch.data.model'] = '64';
    
        cur['sun.boot.class.path'] = 'C:\\jdk1.8\\jre\\lib\\resources.jar;C:\\jdk1.8\\jre\\lib\\rt.jar;C:\\jdk1.8\\jre\\lib\\sunrsasign.jar;C:\\jdk1.8\\jre\\lib\\jsse.jar;C:\\jdk1.8\\jre\\lib\\jce.jar;C:\\jdk1.8\\jre\\lib\\charsets.jar;C:\\jdk1.8\\jre\\lib\\jfr.jar;C:\\jdk1.8\\jre\\classes';
    
        cur['sun.boot.library.path'] = 'C:\\jdk1.8\\jre\\bin';
    
        cur['sun.cpu.endian'] = 'little';
    
        cur['sun.cpu.isalist'] = 'amd64';
    
        cur['sun.desktop'] = 'windows';
    
        cur['sun.io.unicode.encoding'] = 'UnicodeLittle';
    
        cur['sun.java.command'] = 'org.apache.tools.ant.taskdefs.optional.junit.JUnitTestRunner com.civihr.test.automation.AddNewDocTest skipNonTests=false filtertrace=true haltOnError=false haltOnFailure=false formatter=org.apache.tools.ant.taskdefs.optional.junit.SummaryJUnitResultFormatter showoutput=false outputtoformatters=true logfailedtests=true threadid=0 logtestlistenerevents=false formatter=org.apache.tools.ant.taskdefs.optional.junit.PlainJUnitResultFormatter,G:\\Usha\\workspace\\CiviHR-Test-Automation\\out\\reports\\junit\\TEST-com.civihr.test.automation.AddNewDocTest.txt formatter=org.apache.tools.ant.taskdefs.optional.junit.XMLJUnitResultFormatter,G:\\Usha\\workspace\\CiviHR-Test-Automation\\out\\reports\\junit\\TEST-com.civihr.test.automation.AddNewDocTest.xml crashfile=G:\\Usha\\workspace\\CiviHR-Test-Automation\\junitvmwatcher2438988065911176745.properties propsfile=G:\\Usha\\workspace\\CiviHR-Test-Automation\\junit5637993571863489146.properties';
    
        cur['sun.java.launcher'] = 'SUN_STANDARD';
    
        cur['sun.jnu.encoding'] = 'Cp1252';
    
        cur['sun.management.compiler'] = 'HotSpot 64-Bit Tiered Compilers';
    
        cur['sun.os.patch.level'] = '';
    
        cur['user.country'] = 'US';
    
        cur['user.dir'] = 'G:\\Usha\\workspace\\CiviHR-Test-Automation';
    
        cur['user.home'] = 'C:\\Users\\adityayadav76';
    
        cur['user.language'] = 'en';
    
        cur['user.name'] = 'adityayadav76';
    
        cur['user.script'] = '';
    
        cur['user.timezone'] = '';
    
        cur['user.variant'] = '';
    </script><script type="text/javascript" language="JavaScript">
        function displayProperties (name) {
          var win = window.open('','JUnitSystemProperties','scrollbars=1,resizable=1');
          var doc = win.document;
          doc.open();
          doc.write("<html><head><title>Properties of " + name + "</title>");
          doc.write("<style type=\"text/css\">");
          doc.write("body {font:normal 68% verdana,arial,helvetica; color:#000000; }");
          doc.write("table tr td, table tr th { font-size: 68%; }");
          doc.write("table.properties { border-collapse:collapse; border-left:solid 1 #cccccc; border-top:solid 1 #cccccc; padding:5px; }");
          doc.write("table.properties th { text-align:left; border-right:solid 1 #cccccc; border-bottom:solid 1 #cccccc; background-color:#eeeeee; }");
          doc.write("table.properties td { font:normal; text-align:left; border-right:solid 1 #cccccc; border-bottom:solid 1 #cccccc; background-color:#fffffff; }");
          doc.write("h3 { margin-bottom: 0.5em; font: bold 115% verdana,arial,helvetica }");
          doc.write("</style>");
          doc.write("</head><body>");
          doc.write("<h3>Properties of " + name + "</h3>");
          doc.write("<div align=\"right\"><a href=\"javascript:window.close();\">Close</a></div>");
          doc.write("<table class='properties'>");
          doc.write("<tr><th>Name</th><th>Value</th></tr>");
          for (prop in TestCases[name]) {
            doc.write("<tr><th>" + prop + "</th><td>" + TestCases[name][prop] + "</td></tr>");
          }
          doc.write("</table>");
          doc.write("</body></html>");
          doc.close();
          win.focus();
        }
      
      </script>
</head>
<body>
<h1>Unit Test Results.</h1>
<table width="100%">
<tr>
<td align="left"></td><td align="right">Designed for use with <a href="http://www.junit.org/">JUnit</a> and <a href="http://ant.apache.org/">Ant</a>.</td>
</tr>
</table>
<hr size="1">
<h3>Class com.civihr.test.automation.AddNewDocTest</h3>
<table class="details" border="0" cellpadding="5" cellspacing="2" width="95%">
<tr valign="top">
<th width="80%">Name</th><th>Tests</th><th>Errors</th><th>Failures</th><th>Skipped</th><th nowrap>Time(s)</th><th nowrap>Time Stamp</th><th>Host</th>
</tr>
<tr valign="top" class="Error">
<td><a title="Display all tests" href="0_AddNewDocTest.html">AddNewDocTest</a></td><td><a title="Display all tests" href="0_AddNewDocTest.html">4</a></td><td><a title="Display only errors" href="0_AddNewDocTest-errors.html">4</a></td><td>0</td><td>0</td><td>118.993</td><td>2016-08-15T15:57:48</td><td>DESKTOP-H3K5A4R</td>
</tr>
</table>
<h2>Errors</h2>
<table class="details" border="0" cellpadding="5" cellspacing="2" width="95%">
<tr valign="top">
<th>Name</th><th>Status</th><th width="80%">Type</th><th nowrap>Time(s)</th>
</tr>
<tr valign="top" class="Error">
<td><a name="step1_login"></a>step1_login</td><td>Error</td><td>N/A<br>
<br>
<code>java.lang.NullPointerException<br>	at com.civihr.test.automation.Commons.goToUrl(Unknown Source)<br>	at com.civihr.test.automation.AddNewDocTest.step1_login(Unknown Source)<br>
</code></td><td>0.006</td>
</tr>
<tr valign="top" class="Error">
<td><a name="step2_clickOnDocLink"></a>step2_clickOnDocLink</td><td>Error</td><td>Expected condition failed: waiting for element to be clickable: By.xpath: .//a[@href='#/documents'] (tried for 30 second(s) with 500 MILLISECONDS interval)
Build info: version: 'unknown', revision: '2aa21c1', time: '2016-08-02 14:59:43 -0700'
System info: host: 'DESKTOP-H3K5A4R', ip: '192.168.2.123', os.name: 'Windows 10', os.arch: 'amd64', os.version: '10.0', java.version: '1.8.0_92'
Driver info: org.openqa.selenium.firefox.FirefoxDriver
Capabilities [{rotatable=false, raisesAccessibilityExceptions=false, marionette=true, appBuildId=20160726073904, version=, platform=XP, proxy={}, command_id=1, specificationLevel=0, acceptSslCerts=false, browserVersion=48.0, platformVersion=10.0, XULappId={ec8030f7-c20a-464f-9b0e-13a3a9e97384}, browserName=Firefox, takesScreenshot=true, takesElementScreenshot=true, platformName=Windows_NT, device=desktop}]
Session ID: 93819056-9a6b-44ac-8bb8-0efe7daa24c5<br>
<br>
<code>org.openqa.selenium.TimeoutException: Expected condition failed: waiting for element to be clickable: By.xpath: .//a[@href='#/documents'] (tried for 30 second(s) with 500 MILLISECONDS interval)<br>Build info: version: 'unknown', revision: '2aaa21c1', time: '2016-08-02 14:59:43 -0700'<br>System info: host: 'DESKTOP-H3K5A4R', ip: '192.168.2.123', os.name: 'Windows 10', os.arch: 'amd64', os.version: '10.0', java.version: '1.8.0_92'<br>Driver info: org.openqa.selenium.firefox.FirefoxDriver<br>Capabilities [{rotatable=false, raisesAccessibilityExceptions=false, mmarionette=true, appBuildId=20160726073904, version=, platform=XP, proxy={}, command_id=1, specificationLevel=0, acceptSslCerts=false, browserVersion=48.0, platformVersion=10.0, XULappId={ec8030f7-c20a-464f-9b0e-13a3a9e97384}, browserName=Firefox, takesScreenshot=true, takesElementScreenshot=true, platformName=Windows_NT, device=desktop}]<br>Session ID: 93819056-9a6b-44ac-8bb8-0efe7daa24c5<br>	at org.openqa.selenium.support.ui.WebDriverWait.timeoutException(WebDriverWait.java:80)<br>	at org.openqa.selenium.support.ui.FluentWait.until(FluentWait.java:2660)<br>	at com.civihr.test.automation.AddNewDocTest.step2_clickOnDocLink(Unknown Source)<br>Caused by: org.openqa.selenium.NoSuchElementException: Unable to locate element: .//a[@href='#/documents'] (WARNING:  The server did not provide any stacktrace information)<br>Command duration or timeout: 5 milliseconds<br>For documentation on this error, please visit: http://seleniumhq.org/exceptions/no_such_element.html<br>Build info: version: 'unknown', revision: '2aa21c1', time: '2016-08-02 14:59:43 -0700'<br>System info: host: 'DESKTOP-H3K5A4R', ip: '192.168.2.123', os..name: 'Windows 10', os.arch: 'amd64', os.version: '10.0', java.version: '1.8.0_92'<br>Driver info: org.openqa.selenium.firefox.FirefoxDriver<br>Cappabilities [{rotatable=false, raisesAccessibilityExceptions=false, marionette=true, appBuildId=20160726073904, version=, platform=XP, proxy={}, command_id=1, specificationLevel=0, acceptSslCerts=false, browserVersion=48.0, platformVersion=10.0, XULappId={ec8030f7-c20a-464f-9b0e-13a3a9e97384}, browserName=Firefox, takesScreenshot=true, takesElementScreenshot=true, platformName=Windows_NT, device=desktop}]<br>Session ID: 93819056-9a6b-44ac-8bb8-0efe7daa24c5<br>*** Element info: {Using=xpath, value=.//a[@href='#/documents']}<br>	at java.lang.reflect.Constructor.newInstance(Constructor.java:423)<br>	at org.openqa.selenium.remote.ErroorHandler.createThrowable(ErrorHandler.java:206)<br>	at org.openqa.selenium.remote.ErrorHandler.throwIfResponseFailed(ErrorHandler.java:158)<br>	at org.openqa.selenium.remote.RemoteWebDriver.execute(RemoteWebDriver.java:683)<br>	at org.openqa.selenium.remote.RemoteWebDriver.findElement(RemoteWebDriver.java:377)<br>	at org.openqa.selenium.remote.RemoteWebDriver.findElementByXPath(RemoteWebDDriver.java:506)<br>	at org.openqa.selenium.By$ByXPath.findElement(By.java:361)<br>	at org.openqa.selennium.remote.RemoteWebDriver.findElement(RemoteWebDriver.java:369)<br>	at org.openqa.selenium.support.ui.ExpectedConditions.findElement(ExpectedConditions.java:895)<br>	at org.openqa.selenium.support.ui.ExpectedConditions.access$000(ExpectedConditions.java:41)<br>	at org.openqa.selenium.support.ui.ExpectedConditions$7.apply(ExpectedConditions.java:205)<br>	at org.openqa.selenium.support.ui.ExpectedConditions$7.apply(ExpectedConditions.java:201)<br>	at org.openqa.selenium.support.ui.ExpectedConditions$22.apply(ExpectedConditions.java:651)<br>	at org.openqa.selenium.support.ui.ExpectedConditions$22.apply(ExpectedConditions.java:644)<br>	at org.openqa.selenium.support.ui.FluentWait.until(FluentWait.java:238)<br>
</code></td><td>30.429</td>
</tr>
<tr valign="top" class="Error">
<td><a name="step3_clickOnAddDocLink"></a>step3_clickOnAddDocLink</td><td>Error</td><td>Expected condition failed: waiting for element to be clickable: By.xpath: //*[@id='ct-dashboard']/div[1]/div/div[2]/div/a[1] (tried for 30 second(s) with 500 MILLISECONDS interval)
Build info: version: 'unknown', revision: '2aa21c1', time: '2016-08-02 14:59:43 -0700'
System info: host: 'DESKTOP-H3K5A4R', ip: '192.168.2.123', os.name: 'Windows 10', os.arch: 'amd64', os.version: '10.0', java.version: '1.8.0_92'
Driver info: org.openqa.selenium.firefox.FirefoxDriver
Capabilities [{rotatable=false, raisesAccessibilityExceptions=false, marionette=true, appBuildId=20160726073904, version=, platform=XP, proxy={}, command_id=1, specificationLevel=0, acceptSslCerts=false, browserVersion=48.0, platformVersion=10.0, XULappId={ec8030f7-c20a-464f-9b0e-13a3a9e97384}, browserName=Firefox, takesScreenshot=true, takesElementScreenshot=true, platformName=Windows_NT, device=desktop}]
Session ID: 9618af5d-b0b1-4ff3-bf4f-e4f2b049af30<br>
<br>
<code>org.openqa.selenium.TimeoutException: Expected condition failed: waiting for element to be clickable: By.xpath: //*[@id='ct-dashboard']/div[1]/div/div[2]]/div/a[1] (tried for 30 second(s) with 500 MILLISECONDS interval)<br>Build info: version: 'unknown', reevision: '2aa21c1', time: '2016-08-02 14:59:43 -0700'<br>System info: host: 'DESKTOP-H3K5A4R', ip: '192.168.2.123', os.name: 'Windows 10', os.arch: 'amd64',  os.version: '10.0', java.version: '1.8.0_92'<br>Driver info: org.openqa.seleniuum.firefox.FirefoxDriver<br>Capabilities [{rotatable=false, raisesAccessibilityExceptions=false, marionette=true, appBuildId=20160726073904, version=, platform=XP, proxy={}, command_id=1, specificationLevel=0, acceptSslCerts=false, browserVersion=48.0, plattformVersion=10.0, XULappId={ec8030f7-c20a-464f-9b0e-13a3a9e97384}, browserName=Firefox, takesScreenshot=true, takesElementScreenshot=true, platformName=Windows_NT, device=desktop}]<br>Session ID: 9618af5d-b0b1-4ff3-bf4f-e4f2b049af30<br>	at org.openqa.selenium.support.ui.WebDriverWait.timeoutException(WebDriverWait.java:80)<br>	at org.openqa.selenium.support.ui.FluentWait.until(FluentWait.java:260)<br>	at com.civihr.test.automation.AddNewDocTest.step3_clickOnAdddDocLink(Unknown Source)<br>Caused by: org.openqa.selenium.NoSuchElementException: Unable to locate element: //*[@id='ct-dashboard']/div[1]/div/div[2]/div/a[1] (WARNING: The server did not provide any stacktrace informaation)<br>Command duration or timeout: 5 milliseconds<br>For documentation on this error, please visit: http://seleniumhq.org/excceptions/no_such_element.html<br>Build info: version: 'unknown', revision: '2aa21c1', time: '2016-08-02  14:59:43 -0700'<br>System info: host: 'DESKTOP-H3K5A4R', ip: '192.168.2.123', os.name: 'Windows 10', os.arch: 'amd64',  os.version: '10.0', java.version: '1.8.0_92'<br>Driver info: org.openqa.selenium.firefox.FirrefoxDriver<br>Capabilities [{rotatable=false, raisesAccessibilityExceptions=false, marionette=true, appBuildId=20160726073904, version=, platform=XP, proxy={}, command_id=1, specificationLevel=0, acceptSslCerts=false, browserVersion=48.0, platformVersion=10.0, XULappId={ec8030f7-c20a-464f-9b0e-13a3a9e97384}, browserName=Firefox, takesScreenshot=true, takesElementScreenshot=true, platformName=Windows_NT, device=desktop}]<br>Session ID: 9618af5d-b0b1-4ff3-bf4f-e4f2b049af30<br>*** Element info:  {Using=xpath, value=//*[@id='ct-dashboard']/div[1]/div/div[2]/div/a[1]}<br>	at java.lang.reflect.Constructor.newInstance(Constructor.java:423)<br>	at org.openqa.selenium.remote.ErrorHandler.createThrowable(ErrorHandler.java:206)<br>	at org.openqa.selenium.remote.ErrorHandler.throwIfResponseFailed(ErrorHandler.java:158)<br>	at org.openqa.selenium.remote.RemoteWebDriver.execute(RemoteWebDriver.java:683)<br>	at org.openqa.selenium.remote.RemoteWebDriver.findElement(RemoteWebDriver.java:377)<br>	at org.openqa.selenium.remote.RemoteWebDriver.findElementByXPath(RemoteWebDriver.java:506)<br>	at org.openqa.selenium.By$ByXPath.findElement(By.java:361)<br>	at org.openqaa.selenium.remote.RemoteWebDriver.findElement(RemoteWebDriver.java:369)<br>	at org.openqa.seleniium.support.ui.ExpectedConditions.findElement(ExpectedConditions.java:895)<br>	at org.openqa.selenium.support.ui.ExpectedConditions.access$000(ExpectedConditions.java:41))<br>	at orgg.openqa.selenium.support.ui.ExpectedConditions$7.apply(ExpectedConditions.java:205)<br>	at org.openqa.selenium.support.ui.ExpectedConditions$7.apply(ExpectedConditions.java:201)<br>	at org.openqa.selenium.support.ui.ExpectedConditions$22.apply(ExpectedConditions.jjava:651)<br>	at org.openqa.selenium.support.ui.ExpectedConditions$22.apply(ExpectedConditions.java:644)<br>	at org.openqa.selenium.support.ui.FluentWait.until(FluentWait.java:238)<br>
</code></td><td>30.111</td>
</tr>
<tr valign="top" class="Error">
<td><a name="step4_enterDetailsSave"></a>step4_enterDetailsSave</td><td>Error</td><td>Expected condition failed: waiting for element to be clickable: By.xpath: .//*[@id='civitasks']/div/div[1]/div/div/form/div[1]/div/div[1]/div/div/span/span[1] (tried for 30 second(s) with 500 MILLISECONDS interval)
Build info: version: 'unknown', revision: '2aa21c1', time: '2016-08-02 14:59:43 -0700'
System info: host: 'DESKTOP-H3K5A4R', ip: '192.168.2.123', os.name: 'Windows 10', os.arch: 'amd64', os.version: '10.0', java.version: '1.8.0_92'
Driver info: org.openqa.selenium.firefox.FirefoxDriver
Capabilities [{rotatable=false, raisesAccessibilityExceptions=false, marionette=true, appBuildId=20160726073904, version=, platform=XP, proxy={}, command_id=1, specificationLevel=0, acceptSslCerts=false, browserVersion=48.0, platformVersion=10.0, XULappId={ec8030f7-c20a-464f-9b0e-13a3a9e97384}, browserName=Firefox, takesScreenshot=true, takesElementScreenshot=true, platformName=Windows_NT, device=desktop}]
Session ID: 7fb6b384-77f2-4dc8-bfa1-886942be4104<br>
<br>
<code>org.openqa.selenium.TimeoutException: Expected condition failed: waiting for element to be clickable: By.xpath: .//*[@id='civitasks']/div/div[1]/div/div/form/div[1]/div/ddiv[1]/div/div/span/span[1] (tried for 30 second(s) with 500 MILLISECONDS interval)<br>Build info: versiion: 'unknown', revision: '2aa21c1', time: '2016-08-02 14:59:43 -0700'<br>System info: host: 'DESKTOP-H3K5A4R', ip: '192.168.2.123', os.name: 'Windows 10', os.arch: 'amd64',  os.version: '10.0', java.version: '1.8.0_92'<br>Driver info: oorg.openqa.selenium.firefox.FirefoxDriver<br>Capabilities [{rotatable=false, raisesAccessibilityExceptions=false, marionette=true, appBuildId=20160726073904, version=, platform=XP, proxy={}, command_id=1, specificationLevel=0, acceptSslCerts=false, browserVersion=48.0, plattformVersion=10.0, XULappId={ec8030f7-c20a-464f-9b0e-13a3a9e97384}, browserName=Firefox, takesScreenshot=true, takesElementScreenshot=true, platformName=Windows_NT, device=desktop}]<br>Session ID: 7fb6b384-77f2-4dc8-bfa1-886942be4104<br>	at org.openqa.selenium.support.ui.WebDriverWait.timeoutException(WebDriverWait.java:80)<br>	at org.openqa.selenium.support.ui.FluentWait.until(FluentWait.java:260)<br>	at com.civihr.test.automation.AddNewDocTest.step4_enterDetailsSave(Unknown Source)<br>Caused by: org.openqa.selenium.NoSuchElementException: Unable to locate element: .//*[@id='civitasks']/div/div[1]/div/div/form/div[1]/div/div[1]/div/div/span/span[1] (WARNING: The server did not provide any sstacktrace information)<br>Command duration or timeout: 5 milliseconds<br>For documentation on this error, please visit: http://seleniumhq.org/exceptions/no_such_element.html<br>Build info: version: 'unknown', revision: '2aa21c1', time: '2016-08-02 14:59:43 -0700'<br>System info: host: 'DESKTOP-H3K5A4R', ip: '192.168.2.123', os.name: 'Windows 10', os.arch: 'amd64', os.version: '10.0', java.version: '1.8.0_92'<br>Driver info: org.openqa.selenium.firefox.FirefoxDriver<br>Capabilities [{rotatable=false, raisesAccessibilityExceptions=false, marionette=true, appBuildId=20160726073904, version=, platform=XP, proxy={}, command_id=1, specificationLevel=0, acceptSslCerts=false, browserVersion=48.0, platformVersion=10.0, XULappId={ec8030f7-c20a-464f-9b0e-13a3a9e97384}, browserName=Firefox, takesScreenshot=true, takesElementScreenshot=true, platformName=Windows_NT, device=desktop}]<br>Session ID: 7fb6b384-77f2-4dc8-bfa1-886942be4104<br>*** Element info: {Using=xpath, vallue=.//*[@id='civitasks']/div/div[1]/div/div/form/div[1]/div/div[1]/div/div/span/span[1]}<br>	at java.lang.reflect.Constructor.newInstance(Constructor.java:423)<br>	at org.openqa.selenium.remote.ErrorHandler.createThrowable(ErrorHandler.java:206)<br>	at org.openqa.selenium.remote.ErrorHandler.throwIfResponseFailed(ErrorHandler.java:158)<br>	at org.openqa.selenium.remote.RemoteWebDriver.execute(RemoteWebDriver.java:683)<br>	at org.openqa.selenium.remote.RemoteWebDriver.findElement(RemoteWebDriver.java:377)<br>	at org.openqa.selenium.remote.RemoteWebDriver.findElementByXPath(RemoteWebDriver.java:506)<br>	at org.openqa.selenium.By$ByXPath.findElement(By.java:361)<br>	at org.openqaa.selenium.remote.RemoteWebDriver.findElement(RemoteWebDriver.java:369)<br>	at org.openqa.seleniium.support.ui.ExpectedConditions.findElement(ExpectedConditions.java:895)<br>	at org.openqa.selenium.support.ui.ExpectedConditions.access$000(ExpectedConditions.java:41))<br>	at orgg.openqa.selenium.support.ui.ExpectedConditions$7.apply(ExpectedConditions.java:205)<br>	at org.openqa.selenium.support.ui.ExpectedConditions$7.apply(ExpectedConditions.java:201)<br>	at org.openqa.selenium.support.ui.ExpectedConditions$22.apply(ExpectedConditions.jjava:651)<br>	at org.openqa.selenium.support.ui.ExpectedConditions$22.apply(ExpectedConditions.java:644)<br>	at org.openqa.selenium.support.ui.FluentWait.until(FluentWait.java:238)<br>
</code></td><td>30.022</td>
</tr>
</table>
<div class="Properties">
<a href="javascript:displayProperties('com.civihr.test.automation.AddNewDocTest');">
                    Properties &raquo;
                </a>
</div>
<div class="Properties">
<a href="./0_AddNewDocTest-err.html">
                        System.err &raquo;
                    </a>
</div>
</body>
</html>
